[2025-10-18 11:06:27] Server listening on 0.0.0.0:9009
[2025-10-18 11:06:46] [JOIN] alice connected from ('127.0.0.1', 63532)
[2025-10-18 11:39:46] [JOIN] bob connected from ('127.0.0.1', 63652)
[2025-10-18 11:40:16] [MSG] bob → alice: Hi alice what are you doing
[2025-10-18 11:42:51] [LEAVE] bob disconnected
[2025-10-18 11:47:53] [JOIN] bob connected from ('127.0.0.1', 63729)
[2025-10-18 11:48:11] [LEAVE] alice disconnected
[2025-10-18 11:48:11] [LEAVE] bob disconnected
[2025-10-18 11:48:19] [JOIN] alice connected from ('127.0.0.1', 63743)
[2025-10-18 11:49:05] Server listening on 0.0.0.0:9009
[2025-10-18 11:49:13] [JOIN] bob connected from ('127.0.0.1', 63757)
[2025-10-18 11:49:23] [JOIN] alice connected from ('127.0.0.1', 63759)
[2025-10-18 11:49:42] [MSG] bob → bob: Hi bob what are you doing
[2025-10-18 11:49:57] [MSG] bob → alice: Hi alice what are you doing
[2025-10-18 12:14:49] [LEAVE] bob disconnected
[2025-10-18 12:14:50] [JOIN] bob connected from ('127.0.0.1', 53053)
[2025-10-18 12:14:54] [LEAVE] alice disconnected
[2025-10-18 12:14:57] [JOIN] alice connected from ('127.0.0.1', 53064)
[2025-10-18 12:15:13] [LEAVE] bob disconnected
[2025-10-18 12:15:15] Server listening on 0.0.0.0:9009
[2025-10-18 12:15:26] [LEAVE] alice disconnected
[2025-10-18 12:17:14] Server listening on 0.0.0.0:9009
[2025-10-18 12:17:23] [JOIN] alice connected from ('127.0.0.1', 53125)
[2025-10-18 12:17:47] [JOIN] bob connected from ('127.0.0.1', 53128)
[2025-10-18 12:18:42] [FRIEND_REQ] alice → bob
[2025-10-18 12:19:08] [FRIEND_ACCEPT] bob ↔ alice
[2025-10-18 12:19:20] [MSG] alice → bob: hi
[2025-10-18 12:19:27] [MSG] bob → alice: hi
[2025-10-18 15:37:14] Server listening on 0.0.0.0:9009
[2025-10-18 15:37:32] [JOIN] imran connected from ('127.0.0.1', 54511)
[2025-10-18 15:38:04] [LEAVE] imran disconnected
[2025-10-18 15:38:28] [JOIN] asad connected from ('127.0.0.1', 54526)
[2025-10-18 15:39:15] [ERROR] imran: [WinError 10054] An existing connection was forcibly closed by the remote host
[2025-10-18 15:39:15] [LEAVE] imran disconnected
[2025-10-18 15:39:37] Server listening on 0.0.0.0:9009
[2025-10-18 15:39:44] [JOIN] kashif connected from ('127.0.0.1', 54543)
[2025-10-18 15:39:52] [JOIN] ali connected from ('127.0.0.1', 54546)
[2025-10-18 15:40:26] [FRIEND_REQ] kashif → ali
[2025-10-18 15:40:37] [FRIEND_ACCEPT] ali ↔ kashif
[2025-10-18 15:40:49] [MSG] kashif → ali: hi
[2025-10-18 16:00:28] [LEAVE] kashif disconnected
[2025-10-18 16:00:29] [JOIN] kashif connected from ('127.0.0.1', 54705)
[2025-10-18 16:00:33] [LEAVE] ali disconnected
[2025-10-18 16:00:34] [JOIN] ali connected from ('127.0.0.1', 54710)
[2025-10-18 16:01:17] [ERROR] kashif: [WinError 10054] An existing connection was forcibly closed by the remote host
[2025-10-18 16:01:17] [LEAVE] kashif disconnected
[2025-10-18 16:01:19] [ERROR] ali: [WinError 10054] An existing connection was forcibly closed by the remote host
[2025-10-18 16:01:19] [LEAVE] ali disconnected
[2025-11-17 00:16:45] FTP server listening on 0.0.0.0:2121 (user/password)
[2025-11-17 00:16:45] FastAPI WebSocket server started
[2025-11-17 00:26:50] [FTP_ERROR] [WinError 10048] Only one usage of each socket address (protocol/network address/port) is normally permitted
[2025-11-17 00:26:50] FastAPI WebSocket server started
[2025-11-17 00:27:49] FTP server listening on 0.0.0.0:2121 (user/password)
[2025-11-17 00:27:49] FastAPI WebSocket server started
[2025-11-17 00:28:44] [JOIN] saad
[2025-11-17 00:30:57] [FTP_ERROR] [WinError 10048] Only one usage of each socket address (protocol/network address/port) is normally permitted
[2025-11-17 00:30:57] FastAPI WebSocket server started
[2025-11-17 00:31:16] FTP port 2121 in use, trying 2122...
[2025-11-17 00:31:16] FTP server listening on 0.0.0.0:2122 (user/password)
[2025-11-17 00:31:16] FastAPI WebSocket server started
[2025-11-17 00:32:38] FTP server listening on 0.0.0.0:2121 (user/password)
[2025-11-17 00:32:38] FastAPI WebSocket server started
[2025-11-17 00:34:01] FTP port 2121 in use, trying 2122...
[2025-11-17 00:34:01] FTP server listening on 0.0.0.0:2122 (user/password)
[2025-11-17 00:34:01] FastAPI WebSocket server started
[2025-11-17 00:40:41] FTP port 2121 in use, trying 2122...
[2025-11-17 00:40:41] FTP port 2122 in use, trying 2123...
[2025-11-17 00:40:41] FTP server listening on 0.0.0.0:2123 (user/password)
[2025-11-17 00:40:41] FastAPI WebSocket server started
[2025-11-17 00:42:51] FTP port 2121 in use, trying 2122...
[2025-11-17 00:42:51] FTP port 2122 in use, trying 2123...
[2025-11-17 00:42:51] FTP server listening on 0.0.0.0:2123 (user/password)
[2025-11-17 00:42:51] FastAPI WebSocket server started
[2025-11-17 00:45:37] FTP port 2121 in use, trying 2122...
[2025-11-17 00:45:37] FTP port 2122 in use, trying 2123...
[2025-11-17 00:45:37] FTP port 2123 in use, trying 2124...
[2025-11-17 00:45:37] FTP server listening on 0.0.0.0:2124 (user/password)
[2025-11-17 00:45:37] FastAPI WebSocket server started
[2025-11-17 00:45:54] FTP server listening on 0.0.0.0:2121 (user/password)
[2025-11-17 00:45:54] FastAPI WebSocket server started
[2025-11-17 00:46:29] FTP port 2121 in use, trying 2122...
[2025-11-17 00:46:29] FTP port 2122 in use, trying 2123...
[2025-11-17 00:46:29] FTP port 2123 in use, trying 2124...
[2025-11-17 00:46:29] FTP server listening on 0.0.0.0:2124 (user/password)
[2025-11-17 00:46:29] FastAPI WebSocket server started
[2025-11-17 00:47:49] FTP port 2121 in use, trying 2122...
[2025-11-17 00:47:49] FTP port 2122 in use, trying 2123...
[2025-11-17 00:47:49] FTP server listening on 0.0.0.0:2123 (user/password)
[2025-11-17 00:47:49] FastAPI WebSocket server started
[2025-11-17 01:19:36] FTP server listening on 0.0.0.0:2121 (user/password)
[2025-11-17 01:19:36] FastAPI WebSocket server started
[2025-11-17 01:21:48] FTP server listening on 0.0.0.0:2121 (user/password)
[2025-11-17 01:21:48] FastAPI WebSocket server started
[2025-11-27 23:09:37] FTP server listening on 0.0.0.0:2121 (user/password)
[2025-11-27 23:09:37] FastAPI WebSocket server started
[2025-11-27 23:11:09] [JOIN] TestUser
[2025-11-27 23:11:17] [BCAST] TestUser: Hello World
[2025-11-27 23:11:25] [JOIN] Saad
[2025-11-27 23:12:09] [JOIN] Ali
[2025-11-27 23:12:27] [DM] Saad → Ali: Hi
[2025-11-27 23:12:43] [BCAST] Ali: Hi
[2025-11-27 23:12:56] [DM] Saad → Ali: Message to Ali only
[2025-11-27 23:13:26] [LEAVE] TestUser
[2025-11-27 23:14:26] FTP port 2121 in use, trying 2122...
[2025-11-27 23:14:26] FTP server listening on 0.0.0.0:2122 (user/password)
[2025-11-27 23:14:26] FastAPI WebSocket server started
[2025-11-27 23:15:31] [LEAVE] Saad
[2025-11-27 23:15:39] [JOIN] ali
[2025-11-27 23:15:42] [LEAVE] Ali
[2025-11-27 23:15:47] [JOIN] saad
[2025-11-27 23:15:49] [BCAST] saad: hi
[2025-11-27 23:15:53] [DM] saad → ali: hi ali
[2025-11-27 23:16:56] FTP server listening on 0.0.0.0:2121 (user/password)
[2025-11-27 23:16:56] FastAPI WebSocket server started
[2025-11-27 23:17:21] [JOIN] Ali
[2025-11-27 23:17:27] [JOIN] Sender
[2025-11-27 23:17:31] [JOIN] Saad
[2025-11-27 23:17:36] [BCAST] Sender: Broadcast Message
[2025-11-27 23:17:46] [BCAST] Ali: hi
[2025-11-27 23:17:59] [JOIN] Receiver
[2025-11-27 23:18:10] [BCAST] Sender: Secret Message
[2025-11-27 23:18:29] [BCAST] Sender: Secret Message 2
[2025-11-27 23:19:48] [JOIN] SenderSender
[2025-11-27 23:20:09] [BCAST] SenderSender: Sender
[2025-11-27 23:20:48] [BCAST] SenderSender: Sender
[2025-11-27 23:20:57] [JOIN] saad
[2025-11-27 23:21:07] [JOIN] ali
[2025-11-27 23:21:24] [BCAST] SenderSender: Sender
[2025-11-27 23:21:43] [JOIN] muhammad
[2025-11-27 23:21:46] [BCAST] SenderSender: Final Broadcast
[2025-11-27 23:22:04] [LEAVE] muhammad
[2025-11-27 23:23:58] FTP port 2121 in use, trying 2122...
[2025-11-27 23:23:58] FTP server listening on 0.0.0.0:2122 (user/password)
[2025-11-27 23:23:58] FastAPI WebSocket server started
[2025-11-27 23:24:26] [LEAVE] Saad
[2025-11-27 23:24:30] [JOIN] Saad
[2025-11-27 23:24:34] [LEAVE] Ali
[2025-11-27 23:24:39] [JOIN] Ali
[2025-11-27 23:24:44] [BCAST] Saad: Hi
[2025-11-27 23:27:10] FTP server listening on 0.0.0.0:2121 (user/password)
[2025-11-27 23:27:10] FastAPI WebSocket server started
[2025-11-27 23:27:40] [JOIN] UserA
[2025-11-27 23:27:52] [JOIN] UserB
[2025-11-28 00:08:29] [LEAVE] UserB
[2025-11-28 00:08:29] [LEAVE] UserA
[2025-11-28 00:10:57] [JOIN] Saad
[2025-11-28 00:11:03] [JOIN] Ali
[2025-11-28 00:11:15] [BCAST] Ali: Hi
[2025-11-28 00:12:10] FTP port 2121 in use, trying 2122...
[2025-11-28 00:12:10] FTP server listening on 0.0.0.0:2122 (user/password)
[2025-11-28 00:12:10] FastAPI WebSocket server started
[2025-11-28 00:12:24] [LEAVE] Ali
[2025-11-28 00:12:25] [LEAVE] Saad
[2025-11-28 00:12:56] [JOIN] Alice
[2025-11-28 00:13:02] [JOIN] Bob
[2025-11-28 00:13:50] [LEAVE] Alice
[2025-11-28 00:23:10] Custom FTP server started on port 2121
[2025-11-28 00:23:10] FastAPI WebSocket server started
[2025-11-28 00:24:06] [JOIN] UserA
[2025-11-28 00:24:57] FTP port 2121 in use, trying 2122...
[2025-11-28 00:24:57] Custom FTP server started on port 2122
[2025-11-28 00:24:57] FastAPI WebSocket server started
[2025-11-28 00:25:15] [JOIN] Saad
[2025-11-28 00:25:28] [JOIN] Ali
[2025-11-28 00:25:33] [DM] Ali → Saad: Hi
[2025-11-28 00:26:06] [DM] Saad → Ali: Hi
[2025-11-28 00:29:31] FTP port 2121 in use, trying 2122...
[2025-11-28 00:29:31] Custom FTP server started on port 2122
[2025-11-28 00:29:31] FastAPI WebSocket server started
[2025-11-28 00:29:58] Custom FTP server started on port 2121
[2025-11-28 00:29:58] FastAPI WebSocket server started
[2025-11-28 00:30:35] [JOIN] saad
[2025-11-28 00:31:55] [JOIN] ali
[2025-11-28 00:32:00] [DM] ali → saad: hi
[2025-11-28 00:36:20] FTP port 2121 in use, trying 2122...
[2025-11-28 00:36:20] Custom FTP server started on port 2122
[2025-11-28 00:36:20] FastAPI WebSocket server started
[2025-11-28 00:37:31] [LEAVE] ali
[2025-11-28 00:37:32] Custom FTP server started on port 2121
[2025-11-28 00:37:32] FastAPI WebSocket server started
[2025-11-28 00:37:36] [JOIN] saad
[2025-11-28 00:38:15] [LEAVE] saad
[2025-11-28 00:38:15] [JOIN] Alice
[2025-11-28 00:38:48] [JOIN] Bob
[2025-11-28 00:39:11] [BCAST] Bob: Hello everyone
[2025-11-28 00:39:32] [DM] Alice → Bob: Hi Bob, this is private
[2025-11-28 00:39:45] [LEAVE] Bob
[2025-11-28 00:40:04] [JOIN] Ali
[2025-11-28 00:40:15] [JOIN] Saad
[2025-11-28 00:40:37] [DM] Alice → Ali: hi
[2025-11-28 00:40:47] [DM] Ali → Alice: hi
[2025-11-28 00:41:45] [LEAVE] Alice
[2025-11-28 00:41:46] [LEAVE] Ali
[2025-11-28 00:41:47] [LEAVE] Saad
[2025-11-28 00:41:54] [JOIN] Saad
[2025-11-28 00:42:02] [JOIN] Bilal
[2025-11-28 00:42:12] [JOIN] Huzaifa
[2025-11-28 00:42:20] [BCAST] Saad: Hi Saad here
[2025-11-28 00:42:29] [DM] Saad → Bilal: Hi bilal
[2025-11-28 00:42:41] [DM] Bilal → Saad: hi saad
[2025-12-04 00:24:38] Custom FTP server started on port 2121
[2025-12-04 00:24:38] FastAPI WebSocket server started
[2025-12-04 00:25:38] Custom FTP server started on port 2121
[2025-12-04 00:25:38] FastAPI WebSocket server started
[2025-12-04 00:28:05] Custom FTP server started on port 2121
[2025-12-04 00:28:05] FastAPI WebSocket server started
[2025-12-04 00:28:17] Custom FTP server started on port 2121
[2025-12-04 00:28:17] FastAPI WebSocket server started
[2025-12-04 00:28:36] [JOIN] ali
[2025-12-04 00:28:38] [JOIN] saad
[2025-12-04 00:28:42] [DM] saad → ali: hi
[2025-12-04 00:28:49] [BCAST] ali: hi
[2025-12-04 00:34:36] Custom FTP server started on port 2121
[2025-12-04 00:34:36] FastAPI WebSocket server started
[2025-12-04 00:34:36] FTP port 2121 in use, trying 2122...
[2025-12-04 00:34:36] Custom FTP server started on port 2122
[2025-12-04 00:34:36] FastAPI WebSocket server started
[2025-12-04 00:34:49] [JOIN] saad
[2025-12-04 00:34:55] [JOIN] ali
[2025-12-04 00:35:01] [UPLOAD] saad uploaded daa_part_5 (2).pdf
[2025-12-04 00:35:05] [DELETE] saad deleted daa_part_5 (2).pdf
[2025-12-04 00:35:20] [UPLOAD] saad uploaded daa_part_5 (2).pdf
[2025-12-04 00:39:31] [LEAVE] saad
[2025-12-04 00:39:31] [LEAVE] ali
[2025-12-04 00:39:33] Custom FTP server started on port 2121
[2025-12-04 00:39:33] FastAPI WebSocket server started
[2025-12-04 00:39:37] [JOIN] saad
[2025-12-04 00:39:43] [DELETE] saad deleted daa_part_5 (2).pdf
[2025-12-04 00:39:45] [LEAVE] saad
[2025-12-04 00:39:49] [JOIN] saad
[2025-12-04 00:41:01] [LEAVE] saad
[2025-12-04 00:41:02] Custom FTP server started on port 2121
[2025-12-04 00:41:02] FastAPI WebSocket server started
[2025-12-04 00:41:09] [JOIN] saad
[2025-12-04 00:41:16] [JOIN] ali
[2025-12-04 00:41:29] [JOIN] moiz
[2025-12-04 00:41:35] [DM] saad → ali: ali
[2025-12-04 00:41:47] [BCAST] saad: hi everyone
[2025-12-04 00:41:59] [UPLOAD] saad uploaded daa_part_5 (2).pdf
[2025-12-04 00:42:13] [DELETE] saad deleted daa_part_5 (2).pdf
[2025-12-04 00:49:17] [LEAVE] saad
[2025-12-04 00:49:17] [LEAVE] ali
[2025-12-04 00:49:17] [LEAVE] moiz
[2025-12-04 00:49:19] Custom FTP server started on port 2121
[2025-12-04 00:49:19] FastAPI WebSocket server started
[2025-12-04 00:53:57] Custom FTP server started on port 2121
[2025-12-04 00:53:57] FastAPI WebSocket server started
[2025-12-04 00:54:13] [JOIN] saad
[2025-12-04 00:54:22] [JOIN] ali
[2025-12-04 00:54:24] [BCAST] ali: hi
[2025-12-04 00:54:31] [DM] saad → ali: hi
[2025-12-04 00:54:37] [UPLOAD] ali uploaded daa_part_5 (2).pdf
[2025-12-04 00:54:47] [DELETE] ali deleted daa_part_5 (2).pdf
[2025-12-04 00:54:49] [LEAVE] ali
[2025-12-04 00:54:49] [LEAVE] saad
